<?xml version="1.0" encoding="UTF-8"?>
<!-- Generated by org.testng.reporters.JUnitXMLReporter -->
<testsuite ignored="0" hostname="L-IT-0298" failures="0" tests="5" name="Default test" time="92.384" errors="0" timestamp="2026-02-19T11:48:49 IST">
  <testcase classname="Demo.AutomationExercise.LoginTest" name="validLogin" time="3.819"/>
  <testcase classname="Demo.AutomationExercise.LoginTest" name="productsSearch" time="36.775"/>
  <testcase classname="Demo.AutomationExercise.LoginTest" name="addProductToCartTest" time="9.305"/>
  <testcase classname="Demo.AutomationExercise.LoginTest" name="validPayments" time="33.27"/>
  <testcase classname="Demo.AutomationExercise.LoginTest" name="LoggedOutUser" time="3.27"/>
</testsuite> <!-- Default test -->
