<?xml version="1.0" encoding="UTF-8"?>
<!-- Generated by org.testng.reporters.JUnitXMLReporter -->
<testsuite ignored="0" hostname="L-IT-0298" failures="0" tests="5" name="Default test" time="156.562" errors="0" timestamp="2026-03-11T15:48:21 IST">
  <testcase classname="Demo.AutomationExercise.LoginTest" name="validLogin" time="24.6"/>
  <testcase classname="Demo.AutomationExercise.LoginTest" name="productsSearch" time="40.401"/>
  <testcase classname="Demo.AutomationExercise.LoginTest" name="addProductToCartTest" time="46.782"/>
  <testcase classname="Demo.AutomationExercise.LoginTest" name="validPayments" time="37.207"/>
  <testcase classname="Demo.AutomationExercise.LoginTest" name="LoggedOutUser" time="2.706"/>
</testsuite> <!-- Default test -->
