<?xml version="1.0" encoding="UTF-8"?>
<!-- Generated by org.testng.reporters.JUnitXMLReporter -->
<testsuite ignored="0" hostname="L-IT-0298" failures="1" tests="5" name="Test" time="94.977" errors="0" timestamp="2026-02-19T11:10:55 IST">
  <testcase classname="Demo.AutomationExercise.LoginTest" name="validLogin" time="7.412"/>
  <testcase classname="Demo.AutomationExercise.LoginTest" name="productsSearch" time="45.14"/>
  <testcase classname="Demo.AutomationExercise.LoginTest" name="addProductToCartTest" time="12.477"/>
  <testcase classname="Demo.AutomationExercise.LoginTest" name="validPayments" time="10.308">
    <failure type="org.openqa.selenium.ElementClickInterceptedException" message="Element &amp;lt;button id=&amp;quot;submit&amp;quot; class=&amp;quot;form-control btn btn-primary submit-button&amp;quot; type=&amp;quot;submit&amp;quot;&amp;gt; is not clickable at point (640,565) because another element &amp;lt;iframe id=&amp;quot;aswift_1&amp;quot; name=&amp;quot;aswift_1&amp;quot; src=&amp;quot;https://googleads.g.doubleclick.net/pagead/html/r20260217/r20190131/zrt_lookup_fy2021.html#RS-1-&amp;amp;adk=1812271801&amp;amp;client=ca-pub-1677597403311019&amp;amp;fa=1&amp;amp;ifi=2&amp;amp;uci=a!2&amp;amp;btvi=1&amp;quot;&amp;gt; obscures it
Build info: version: &amp;apos;4.40.0&amp;apos;, revision: &amp;apos;b3333f1&amp;apos;
System info: os.name: &amp;apos;Windows 11&amp;apos;, os.arch: &amp;apos;amd64&amp;apos;, os.version: &amp;apos;10.0&amp;apos;, java.version: &amp;apos;21.0.9&amp;apos;
Driver info: org.openqa.selenium.firefox.FirefoxDriver
Command: [f67a9236-f33a-404e-99dc-f21aa8e9a5f2, clickElement {id=705d8688-318a-45e2-9946-1555fc653d0b}]
Capabilities {acceptInsecureCerts: true, browserName: firefox, browserVersion: 147.0.3, moz:accessibilityChecks: false, moz:buildID: 20260203002554, moz:geckodriverVersion: 0.36.0, moz:headless: false, moz:platformVersion: 10.0, moz:processID: 9024, moz:profile: C:\Users\HARSHI~1.M\AppData..., moz:shutdownTimeout: 60000, moz:webdriverClick: true, moz:windowless: false, pageLoadStrategy: normal, platformName: windows, proxy: Proxy(), setWindowRect: true, strictFileInteractability: false, timeouts: {implicit: 0, pageLoad: 300000, script: 30000}, unhandledPromptBehavior: dismiss and notify, userAgent: Mozilla/5.0 (Windows NT 10....}
Element: [[FirefoxDriver: firefox on windows (f67a9236-f33a-404e-99dc-f21aa8e9a5f2)] -&amp;gt; css selector: button[data-qa=&amp;quot;pay-button&amp;quot;]]
Session ID: f67a9236-f33a-404e-99dc-f21aa8e9a5f2">
      <![CDATA[org.openqa.selenium.ElementClickInterceptedException: Element <button id="submit" class="form-control btn btn-primary submit-button" type="submit"> is not clickable at point (640,565) because another element <iframe id="aswift_1" name="aswift_1" src="https://googleads.g.doubleclick.net/pagead/html/r20260217/r20190131/zrt_lookup_fy2021.html#RS-1-&adk=1812271801&client=ca-pub-1677597403311019&fa=1&ifi=2&uci=a!2&btvi=1"> obscures it
Build info: version: '4.40.0', revision: 'b3333f1'
System info: os.name: 'Windows 11', os.arch: 'amd64', os.version: '10.0', java.version: '21.0.9'
Driver info: org.openqa.selenium.firefox.FirefoxDriver
Command: [f67a9236-f33a-404e-99dc-f21aa8e9a5f2, clickElement {id=705d8688-318a-45e2-9946-1555fc653d0b}]
Capabilities {acceptInsecureCerts: true, browserName: firefox, browserVersion: 147.0.3, moz:accessibilityChecks: false, moz:buildID: 20260203002554, moz:geckodriverVersion: 0.36.0, moz:headless: false, moz:platformVersion: 10.0, moz:processID: 9024, moz:profile: C:\Users\HARSHI~1.M\AppData..., moz:shutdownTimeout: 60000, moz:webdriverClick: true, moz:windowless: false, pageLoadStrategy: normal, platformName: windows, proxy: Proxy(), setWindowRect: true, strictFileInteractability: false, timeouts: {implicit: 0, pageLoad: 300000, script: 30000}, unhandledPromptBehavior: dismiss and notify, userAgent: Mozilla/5.0 (Windows NT 10....}
Element: [[FirefoxDriver: firefox on windows (f67a9236-f33a-404e-99dc-f21aa8e9a5f2)] -> css selector: button[data-qa="pay-button"]]
Session ID: f67a9236-f33a-404e-99dc-f21aa8e9a5f2
at org.openqa.selenium.remote.ErrorCodec.decode(ErrorCodec.java:169)
at org.openqa.selenium.remote.codec.w3c.W3CHttpResponseCodec.decode(W3CHttpResponseCodec.java:142)
at org.openqa.selenium.remote.codec.w3c.W3CHttpResponseCodec.decode(W3CHttpResponseCodec.java:49)
at org.openqa.selenium.remote.HttpCommandExecutor.execute(HttpCommandExecutor.java:223)
at org.openqa.selenium.remote.service.DriverCommandExecutor.invokeExecute(DriverCommandExecutor.java:216)
at org.openqa.selenium.remote.service.DriverCommandExecutor.execute(DriverCommandExecutor.java:174)
at org.openqa.selenium.remote.RemoteWebDriver.execute(RemoteWebDriver.java:601)
at org.openqa.selenium.remote.RemoteWebElement.execute(RemoteWebElement.java:223)
at org.openqa.selenium.remote.RemoteWebElement.click(RemoteWebElement.java:76)
at org.openqa.selenium.support.pagefactory.internal.LocatingElementHandler.invoke(LocatingElementHandler.java:51)
at jdk.proxy2/jdk.proxy2.$Proxy12.click(Unknown Source)
at Demo.AutomationExercise.PaymentPage.payAndConfirmOrder(PaymentPage.java:67)
at Demo.AutomationExercise.LoginTest.validPayments(LoginTest.java:67)
at java.base/java.util.ArrayList.forEach(ArrayList.java:1596)
... Removed 27 stack frames]]>
    </failure>
  </testcase> <!-- validPayments -->
  <testcase classname="Demo.AutomationExercise.LoginTest" name="LoggedOutUser" time="4.633"/>
</testsuite> <!-- Test -->
