<?xml version="1.0" encoding="UTF-8"?>
<testng-results ignored="0" total="5" passed="5" failed="0" skipped="0">
  <reporter-output>
  </reporter-output>
  <suite started-at="2026-02-19T11:47:16 IST" name="Default suite" finished-at="2026-02-19T11:48:49 IST" duration-ms="92384">
    <groups>
    </groups>
    <test started-at="2026-02-19T11:47:16 IST" name="Default test" finished-at="2026-02-19T11:48:49 IST" duration-ms="92384">
      <class name="Demo.AutomationExercise.LoginTest">
        <test-method is-config="true" signature="setup()[pri:0, instance:Demo.AutomationExercise.LoginTest@40a4337a]" started-at="2026-02-19T11:47:16 IST" name="setup" finished-at="2026-02-19T11:47:22 IST" duration-ms="5377" status="PASS">
          <reporter-output>
          </reporter-output>
        </test-method> <!-- setup -->
        <test-method signature="validLogin()[pri:1, instance:Demo.AutomationExercise.LoginTest@40a4337a]" started-at="2026-02-19T11:47:22 IST" name="validLogin" finished-at="2026-02-19T11:47:25 IST" duration-ms="3819" status="PASS">
          <reporter-output>
          </reporter-output>
        </test-method> <!-- validLogin -->
        <test-method signature="productsSearch()[pri:2, instance:Demo.AutomationExercise.LoginTest@40a4337a]" started-at="2026-02-19T11:47:25 IST" name="productsSearch" finished-at="2026-02-19T11:48:02 IST" duration-ms="36775" status="PASS">
          <reporter-output>
          </reporter-output>
        </test-method> <!-- productsSearch -->
        <test-method signature="addProductToCartTest()[pri:3, instance:Demo.AutomationExercise.LoginTest@40a4337a]" started-at="2026-02-19T11:48:02 IST" name="addProductToCartTest" finished-at="2026-02-19T11:48:11 IST" duration-ms="9305" status="PASS">
          <reporter-output>
          </reporter-output>
        </test-method> <!-- addProductToCartTest -->
        <test-method signature="validPayments()[pri:4, instance:Demo.AutomationExercise.LoginTest@40a4337a]" started-at="2026-02-19T11:48:12 IST" name="validPayments" finished-at="2026-02-19T11:48:45 IST" duration-ms="33270" status="PASS">
          <reporter-output>
          </reporter-output>
        </test-method> <!-- validPayments -->
        <test-method signature="LoggedOutUser()[pri:5, instance:Demo.AutomationExercise.LoginTest@40a4337a]" started-at="2026-02-19T11:48:45 IST" name="LoggedOutUser" finished-at="2026-02-19T11:48:48 IST" duration-ms="3270" status="PASS">
          <reporter-output>
          </reporter-output>
        </test-method> <!-- LoggedOutUser -->
        <test-method is-config="true" signature="tearDown()[pri:0, instance:Demo.AutomationExercise.LoginTest@40a4337a]" started-at="2026-02-19T11:48:48 IST" name="tearDown" finished-at="2026-02-19T11:48:49 IST" duration-ms="483" status="PASS">
          <reporter-output>
          </reporter-output>
        </test-method> <!-- tearDown -->
      </class> <!-- Demo.AutomationExercise.LoginTest -->
    </test> <!-- Default test -->
  </suite> <!-- Default suite -->
</testng-results>
