<?xml version="1.0" encoding="UTF-8"?>
<testng-results ignored="0" total="5" passed="5" failed="0" skipped="0">
  <reporter-output>
  </reporter-output>
  <suite started-at="2026-03-11T15:45:45 IST" name="Default suite" finished-at="2026-03-11T15:48:21 IST" duration-ms="156562">
    <groups>
    </groups>
    <test started-at="2026-03-11T15:45:45 IST" name="Default test" finished-at="2026-03-11T15:48:21 IST" duration-ms="156562">
      <class name="Demo.AutomationExercise.LoginTest">
        <test-method is-config="true" signature="setup()[pri:0, instance:Demo.AutomationExercise.LoginTest@40a4337a]" started-at="2026-03-11T15:45:45 IST" name="setup" finished-at="2026-03-11T15:45:49 IST" duration-ms="3895" status="PASS">
          <reporter-output>
          </reporter-output>
        </test-method> <!-- setup -->
        <test-method signature="validLogin()[pri:1, instance:Demo.AutomationExercise.LoginTest@40a4337a]" started-at="2026-03-11T15:45:49 IST" name="validLogin" finished-at="2026-03-11T15:46:13 IST" duration-ms="24600" status="PASS">
          <reporter-output>
          </reporter-output>
        </test-method> <!-- validLogin -->
        <test-method signature="productsSearch()[pri:2, instance:Demo.AutomationExercise.LoginTest@40a4337a]" started-at="2026-03-11T15:46:13 IST" name="productsSearch" finished-at="2026-03-11T15:46:54 IST" duration-ms="40401" status="PASS">
          <reporter-output>
          </reporter-output>
        </test-method> <!-- productsSearch -->
        <test-method signature="addProductToCartTest()[pri:3, instance:Demo.AutomationExercise.LoginTest@40a4337a]" started-at="2026-03-11T15:46:54 IST" name="addProductToCartTest" finished-at="2026-03-11T15:47:41 IST" duration-ms="46782" status="PASS">
          <reporter-output>
          </reporter-output>
        </test-method> <!-- addProductToCartTest -->
        <test-method signature="validPayments()[pri:4, instance:Demo.AutomationExercise.LoginTest@40a4337a]" started-at="2026-03-11T15:47:41 IST" name="validPayments" finished-at="2026-03-11T15:48:18 IST" duration-ms="37207" status="PASS">
          <reporter-output>
          </reporter-output>
        </test-method> <!-- validPayments -->
        <test-method signature="LoggedOutUser()[pri:5, instance:Demo.AutomationExercise.LoginTest@40a4337a]" started-at="2026-03-11T15:48:18 IST" name="LoggedOutUser" finished-at="2026-03-11T15:48:20 IST" duration-ms="2706" status="PASS">
          <reporter-output>
          </reporter-output>
        </test-method> <!-- LoggedOutUser -->
        <test-method is-config="true" signature="tearDown()[pri:0, instance:Demo.AutomationExercise.LoginTest@40a4337a]" started-at="2026-03-11T15:48:20 IST" name="tearDown" finished-at="2026-03-11T15:48:21 IST" duration-ms="799" status="PASS">
          <reporter-output>
          </reporter-output>
        </test-method> <!-- tearDown -->
      </class> <!-- Demo.AutomationExercise.LoginTest -->
    </test> <!-- Default test -->
  </suite> <!-- Default suite -->
</testng-results>
