<?xml version="1.0" encoding="UTF-8"?>
<!-- Generated by org.testng.reporters.JUnitReportReporter -->
<testsuite hostname="L-IT-0298" failures="0" tests="5" name="Demo.AutomationExercise.LoginTest" time="151.696" errors="0" timestamp="2026-03-11T15:48:21 IST" skipped="0">
  <testcase classname="Demo.AutomationExercise.LoginTest" name="validLogin" time="24.600"/>
  <testcase classname="Demo.AutomationExercise.LoginTest" name="productsSearch" time="40.401"/>
  <testcase classname="Demo.AutomationExercise.LoginTest" name="addProductToCartTest" time="46.782"/>
  <testcase classname="Demo.AutomationExercise.LoginTest" name="validPayments" time="37.207"/>
  <testcase classname="Demo.AutomationExercise.LoginTest" name="LoggedOutUser" time="2.706"/>
</testsuite> <!-- Demo.AutomationExercise.LoginTest -->
